c:\users\danth\google drive\university\year 3\soft354\coursework\nn-serial\nn-serial\x64\debug\vc142.pdb
c:\users\danth\google drive\university\year 3\soft354\coursework\nn-serial\nn-serial\x64\debug\vc142.idb
c:\users\danth\google drive\university\year 3\soft354\coursework\nn-serial\nn-serial\x64\debug\nn-serial.obj
c:\users\danth\google drive\university\year 3\soft354\coursework\nn-serial\nn-serial\x64\debug\matrix.obj
c:\users\danth\google drive\university\year 3\soft354\coursework\nn-serial\nn-serial\x64\debug\perceptron.obj
c:\users\danth\google drive\university\year 3\soft354\coursework\nn-serial\x64\debug\nn-serial.exe
c:\users\danth\google drive\university\year 3\soft354\coursework\nn-serial\x64\debug\nn-serial.ilk
c:\users\danth\google drive\university\year 3\soft354\coursework\nn-serial\x64\debug\nn-serial.pdb
c:\users\danth\google drive\university\year 3\soft354\coursework\nn-serial\nn-serial\x64\debug\nn-serial.tlog\cl.command.1.tlog
c:\users\danth\google drive\university\year 3\soft354\coursework\nn-serial\nn-serial\x64\debug\nn-serial.tlog\cl.read.1.tlog
c:\users\danth\google drive\university\year 3\soft354\coursework\nn-serial\nn-serial\x64\debug\nn-serial.tlog\cl.write.1.tlog
c:\users\danth\google drive\university\year 3\soft354\coursework\nn-serial\nn-serial\x64\debug\nn-serial.tlog\link.2468-cvtres.read.1.tlog
c:\users\danth\google drive\university\year 3\soft354\coursework\nn-serial\nn-serial\x64\debug\nn-serial.tlog\link.2468-cvtres.write.1.tlog
c:\users\danth\google drive\university\year 3\soft354\coursework\nn-serial\nn-serial\x64\debug\nn-serial.tlog\link.2468-rc.read.1.tlog
c:\users\danth\google drive\university\year 3\soft354\coursework\nn-serial\nn-serial\x64\debug\nn-serial.tlog\link.2468-rc.write.1.tlog
c:\users\danth\google drive\university\year 3\soft354\coursework\nn-serial\nn-serial\x64\debug\nn-serial.tlog\link.2468.read.1.tlog
c:\users\danth\google drive\university\year 3\soft354\coursework\nn-serial\nn-serial\x64\debug\nn-serial.tlog\link.2468.write.1.tlog
c:\users\danth\google drive\university\year 3\soft354\coursework\nn-serial\nn-serial\x64\debug\nn-serial.tlog\link.command.1.tlog
c:\users\danth\google drive\university\year 3\soft354\coursework\nn-serial\nn-serial\x64\debug\nn-serial.tlog\link.read.1.tlog
c:\users\danth\google drive\university\year 3\soft354\coursework\nn-serial\nn-serial\x64\debug\nn-serial.tlog\link.write.1.tlog
